<?xml version="1.0" encoding="UTF-8"?>
<testsuite xmlns:xsi="http://www.w3.org/2001/XMLSchema-instance" xsi:noNamespaceSchemaLocation="https://maven.apache.org/surefire/maven-surefire-plugin/xsd/surefire-test-report.xsd" name="com.rust.submit.AppTest" time="0.078" tests="3" errors="0" skipped="0" failures="0">
  <properties>
[...]
</properties>
  <testcase name="shouldAnswerWithTrue" classname="com.rust.submit.AppTest" time="0"/>
  <testcase name="testDuration" classname="com.rust.submit.AppTest" time="0.016"/>
  <testcase name="testTime" classname="com.rust.submit.AppTest" time="0"/>
</testsuite>